c:\users\colby\source\repos\cardplaiter\cardplaiter\x64\debug\vc143.pdb
c:\users\colby\source\repos\cardplaiter\cardplaiter\x64\debug\.netframework,version=v4.7.2.assemblyattributes.obj
c:\users\colby\source\repos\cardplaiter\cardplaiter\x64\debug\mainform.obj
c:\users\colby\source\repos\cardplaiter\cardplaiter\x64\debug\deletecard.obj
c:\users\colby\source\repos\cardplaiter\cardplaiter\x64\debug\addcard.obj
c:\users\colby\source\repos\cardplaiter\cardplaiter\x64\debug\utils.obj
c:\users\colby\source\repos\cardplaiter\cardplaiter\x64\debug\plaitedlinkedlist.obj
c:\users\colby\source\repos\cardplaiter\cardplaiter\x64\debug\baseballcard.obj
c:\users\colby\source\repos\cardplaiter\cardplaiter\x64\debug\filewriter.obj
c:\users\colby\source\repos\cardplaiter\cardplaiter\x64\debug\filereader.obj
c:\users\colby\source\repos\cardplaiter\x64\debug\cardplaiter.exe
c:\users\colby\source\repos\cardplaiter\x64\debug\cardplaiter.pdb
c:\users\colby\source\repos\cardplaiter\cardplaiter\x64\debug\cardplaiter.tlog\cl.command.1.tlog
c:\users\colby\source\repos\cardplaiter\cardplaiter\x64\debug\cardplaiter.tlog\cl.items.tlog
c:\users\colby\source\repos\cardplaiter\cardplaiter\x64\debug\cardplaiter.tlog\cl.read.1.tlog
c:\users\colby\source\repos\cardplaiter\cardplaiter\x64\debug\cardplaiter.tlog\cl.write.1.tlog
c:\users\colby\source\repos\cardplaiter\cardplaiter\x64\debug\cardplaiter.tlog\link.command.1.tlog
c:\users\colby\source\repos\cardplaiter\cardplaiter\x64\debug\cardplaiter.tlog\link.read.1.tlog
c:\users\colby\source\repos\cardplaiter\cardplaiter\x64\debug\cardplaiter.tlog\link.secondary.1.tlog
c:\users\colby\source\repos\cardplaiter\cardplaiter\x64\debug\cardplaiter.tlog\link.write.1.tlog
c:\users\colby\source\repos\cardplaiter\cardplaiter\x64\debug\cardplaiter.tlog\metagen.read.1.tlog
c:\users\colby\source\repos\cardplaiter\cardplaiter\x64\debug\cardplaiter.tlog\metagen.write.1.tlog
c:\users\colby\source\repos\cardplaiter\cardplaiter\x64\debug\cardplaiter.tlog\resgen.command.1.tlog
c:\users\colby\source\repos\cardplaiter\cardplaiter\x64\debug\cardplaiter.tlog\resgen.read.1.tlog
c:\users\colby\source\repos\cardplaiter\cardplaiter\x64\debug\cardplaiter.tlog\resgen.write.1.tlog
